082213b10
DG:        -5.70 +-     0.05 kcal/mol     [   -5.80,    -5.61] 
DH:       -13.97 +-     0.26 kcal/mol     [  -14.47,   -13.50] 
DH0:        0.21 +-     0.06 ucal         [    0.08,     0.33] 
Ls:       807.94 +-     4.02 uM           [  800.16,   816.04] 
Lpurity:    0.98 +-     0.01 %            [    0.95,     1.00] 
P0:       801.01 +-    14.11 uM           [  773.86,   829.90] 
Ppurity:    0.97 +-     0.01 %            [    0.95,     1.00] 
sigma:   0.00044 +-  0.00018 ucal/s^(1/2) [ 0.00023,  0.00092] 

082213b11
DG:        -5.68 +-     0.06 kcal/mol     [   -5.81,    -5.56] 
DH:       -14.02 +-     0.28 kcal/mol     [  -14.56,   -13.51] 
DH0:        0.30 +-     0.08 ucal         [    0.13,     0.46] 
Ls:       807.96 +-     3.94 uM           [  800.27,   815.74] 
Lpurity:    0.98 +-     0.01 %            [    0.95,     1.00] 
P0:       801.27 +-    14.23 uM           [  773.76,   829.69] 
Ppurity:    0.97 +-     0.01 %            [    0.95,     1.00] 
sigma:   0.00057 +-  0.00024 ucal/s^(1/2) [ 0.00030,  0.00118] 

082213b14
DG:        -8.00 +-     7.21 kcal/mol     [  -34.19,    -5.38] 
DH:       -11.73 +-     0.69 kcal/mol     [  -12.44,    -9.99] 
DH0:        0.01 +-     0.30 ucal         [   -0.91,     0.23] 
Ls:       765.01 +-     3.78 uM           [  757.43,   772.39] 
Lpurity:    0.97 +-     0.01 %            [    0.95,     1.00] 
P0:       801.59 +-    13.90 uM           [  774.09,   828.60] 
Ppurity:    0.97 +-     0.01 %            [    0.95,     1.00] 
sigma:   0.00091 +-  0.00127 ucal/s^(1/2) [ 0.00023,  0.00461] 

082213b15
DG:        -5.47 +-     0.08 kcal/mol     [   -5.65,    -5.31] 
DH:       -12.10 +-     0.31 kcal/mol     [  -12.72,   -11.51] 
DH0:        0.44 +-     0.11 ucal         [    0.22,     0.64] 
Ls:       764.98 +-     3.77 uM           [  757.63,   772.29] 
Lpurity:    0.97 +-     0.01 %            [    0.95,     1.00] 
P0:       801.05 +-    13.84 uM           [  774.58,   827.98] 
Ppurity:    0.97 +-     0.01 %            [    0.95,     1.00] 
sigma:   0.00075 +-  0.00030 ucal/s^(1/2) [ 0.00040,  0.00151] 

082213b18
DG:        -6.55 +-     4.43 kcal/mol     [  -23.63,    -5.58] 
DH:       -19.70 +-     0.66 kcal/mol     [  -20.54,   -17.34] 
DH0:        0.59 +-     0.41 ucal         [   -0.88,     0.88] 
Ls:      1042.03 +-     5.09 uM           [ 1032.18,  1052.19] 
Lpurity:    0.98 +-     0.01 %            [    0.95,     1.00] 
P0:       800.20 +-    14.01 uM           [  774.10,   828.13] 
Ppurity:    0.97 +-     0.01 %            [    0.95,     1.00] 
sigma:   0.00113 +-  0.00184 ucal/s^(1/2) [ 0.00037,  0.00775] 

082213b19
DG:        -5.77 +-     0.04 kcal/mol     [   -5.85,    -5.70] 
DH:       -19.20 +-     0.34 kcal/mol     [  -19.87,   -18.64] 
DH0:        0.30 +-     0.09 ucal         [    0.12,     0.46] 
Ls:      1042.12 +-     5.11 uM           [ 1032.02,  1052.23] 
Lpurity:    0.98 +-     0.01 %            [    0.95,     1.00] 
P0:       800.55 +-    13.95 uM           [  774.57,   828.10] 
Ppurity:    0.97 +-     0.01 %            [    0.95,     1.00] 
sigma:   0.00062 +-  0.00026 ucal/s^(1/2) [ 0.00033,  0.00130] 

082213b22
DG:        -6.07 +-     3.05 kcal/mol     [   -6.52,    -5.56] 
DH:       -15.87 +-     0.42 kcal/mol     [  -16.50,   -14.35] 
DH0:        0.22 +-     0.19 ucal         [   -0.13,     0.38] 
Ls:       874.00 +-     4.24 uM           [  865.62,   882.31] 
Lpurity:    0.98 +-     0.01 %            [    0.95,     1.00] 
P0:       801.03 +-    14.02 uM           [  774.03,   828.79] 
Ppurity:    0.97 +-     0.01 %            [    0.95,     1.00] 
sigma:   0.00061 +-  0.00079 ucal/s^(1/2) [ 0.00025,  0.00307] 

082213b23
DG:        -5.68 +-     0.06 kcal/mol     [   -5.80,    -5.58] 
DH:       -15.80 +-     0.31 kcal/mol     [  -16.36,   -15.23] 
DH0:        0.25 +-     0.09 ucal         [    0.06,     0.42] 
Ls:       874.08 +-     4.24 uM           [  865.68,   882.31] 
Lpurity:    0.97 +-     0.01 %            [    0.95,     1.00] 
P0:       801.12 +-    14.01 uM           [  773.45,   828.37] 
Ppurity:    0.97 +-     0.01 %            [    0.95,     1.00] 
sigma:   0.00063 +-  0.00026 ucal/s^(1/2) [ 0.00033,  0.00129] 

082213b6
DG:        -4.15 +-     0.06 kcal/mol     [   -4.26,    -4.00] 
DH:       -12.51 +-     0.73 kcal/mol     [  -14.43,   -11.24] 
DH0:        0.54 +-     0.04 ucal         [    0.47,     0.64] 
Ls:      1074.75 +-     5.28 uM           [ 1064.39,  1085.19] 
Lpurity:    0.97 +-     0.01 %            [    0.95,     1.00] 
P0:       803.33 +-    13.66 uM           [  776.44,   830.40] 
Ppurity:    0.98 +-     0.01 %            [    0.95,     1.00] 
sigma:   0.00030 +-  0.00012 ucal/s^(1/2) [ 0.00016,  0.00062] 

082213b7
DG:        -4.33 +-     0.09 kcal/mol     [   -4.49,    -4.14] 
DH:       -10.49 +-     0.84 kcal/mol     [  -12.42,    -9.16] 
DH0:        0.12 +-     0.09 ucal         [   -0.06,     0.31] 
Ls:      1074.98 +-     5.28 uM           [ 1064.35,  1085.26] 
Lpurity:    0.98 +-     0.01 %            [    0.95,     1.00] 
P0:       800.98 +-    13.66 uM           [  773.92,   827.88] 
Ppurity:    0.98 +-     0.01 %            [    0.95,     1.00] 
sigma:   0.00068 +-  0.00027 ucal/s^(1/2) [ 0.00036,  0.00137] 

