This is pdfTeX, Version 3.14159265-2.6-1.40.15 (TeX Live 2014) (preloaded format=pdflatex 2014.5.25)  30 JUN 2015 10:23
entering extended mode
 restricted \write18 enabled.
 file:line:error style messages enabled.
 %&-line parsing enabled.
**bayesian-itc.tex
(./bayesian-itc.tex
LaTeX2e <2014/05/01>
Babel <3.9k> and hyphenation patterns for 78 languages loaded.
(/usr/local/texlive/2014/texmf-dist/tex/latex/revtex/revtex4-1.cls
Document Class: revtex4-1 2010/07/25/20:33:00 4.1r (http://publish.aps.org/revt
ex4/ for documentation)
 Copyright (c) 2009 The American Physical Society.
 mailto:revtex@aps.org
 Licensed under the LPPL:
http://www.ctan.org/tex-archive/macros/latex/base/lppl.txt
 Arthur Ogawa <arthur_ogawa at sbcglobal dot net>
 Based on work by David Carlisle <david at dcarlisle.demon.co.uk>.
ltxutil[2010/07/25/20:33:00 4.1r utilities package (portions licensed from W. E
. Baxter web at superscript.com)]
LaTeX Info: Redefining \@centercr on input line 308.
Class revtex4-1 Info: Repairing broken LaTeX eqnarray on input line 358.
\eqncolsep=\skip41
Class revtex4-1 Info: Repairing hyperref-unfriendly LaTeX definition of \mpfoot
note on input line 433.
Class revtex4-1 Info: Repairing broken LateX \@sect on input line 755.
\intertabularlinepenalty=\count79
\@tbpen=\count80
\@arstrutbox@hline=\box26
Class revtex4-1 Info: Repairing broken LaTeX \@xbitor on input line 1786.
Class revtex4-1 Info: Making \typeout \long on input line 2046.
ltxfront[2010/07/25/20:33:00 4.1r frontmatter package (AO,DPC)]
\c@affil=\count81
\c@collab=\count82
\absbox=\box27
ltxgrid[2010/07/25/20:33:00 4.1r page grid package (portions licensed from W. E
. Baxter web at superscript.com)]
\c@linecount=\count83
\output@latex=\toks14
\box@size@1=\box28
\box@size@2=\box29
\@protection@box=\box30
\@topmark@saved=\toks15
\footins@saved=\box31
\footins@recovered=\box32
\column@recovered=\box33
\pagesofar=\box34
\footsofar=\box35
\pagegrid@col=\count84
Class revtex4-1 Info: Overriding \@vspace, \@vspacer, \@no@pgbk, \@newline, and
 \\  on input line 5578.
\c@part=\count85
\c@section=\count86
\c@subsection=\count87
\c@subsubsection=\count88
\c@paragraph=\count89
\c@subparagraph=\count90
\abovecaptionskip=\skip42
\belowcaptionskip=\skip43
\c@figure=\count91
\fbox@1=\box36
\c@table=\count92
\fbox@2=\box37
\c@video=\count93
\fbox@4=\box38
\@bibdataout=\write3
\widetext@top=\box39
\widetext@bot=\box40
Class revtex4-1 Info: Selecting society aps on input line 7542.
(/usr/local/texlive/2014/texmf-dist/tex/latex/revtex/aps4-1.rtx
File: aps4-1 2010/07/25/20:33:00 4.1r (http://publish.aps.org/revtex4/ for docu
mentation)
Class revtex4-1 Info: RevTeX society APS selected on input line 31.
)
Class revtex4-1 Info: Selecting journal pre on input line 7544.
Class revtex4-1 Info: APS journal PRE selected on input line 7545.


Class revtex4-1 Warning: No type size specified, using default 10.

(/usr/local/texlive/2014/texmf-dist/tex/latex/revtex/aps10pt4-1.rtx
File: aps10pt4-1 2010/07/25/20:33:00 4.1r (http://publish.aps.org/revtex4/ for 
documentation)
Class revtex4-1 Info: RevTeX pointsize 10pt selected on input line 30.
)
(/usr/local/texlive/2014/texmf-dist/tex/latex/textcase/textcase.sty
Package: textcase 2004/10/07 v0.07 Text only upper/lower case changing (DPC)
)
(/usr/local/texlive/2014/texmf-dist/tex/latex/url/url.sty
\Urlmuskip=\muskip10
Package: url 2013/09/16  ver 3.4  Verb mode for urls, etc.
)
(/usr/local/texlive/2014/texmf-dist/tex/latex/natbib/natbib.sty
Package: natbib 2010/09/13 8.31b (PWD, AO)
\bibhang=\skip44
\bibsep=\skip45
LaTeX Info: Redefining \cite on input line 694.
\c@NAT@ctr=\count94
)
Class revtex4-1 Info: Repairing natbib's \BibitemShut on input line 7549.

(/usr/local/texlive/2014/texmf-dist/tex/latex/revtex/revsymb4-1.sty
Package: revsymb4-1 2010/07/25/20:33:00 4.1r (http://publish.aps.org/revtex4/ f
or documentation)
LaTeX Info: Redefining \REV@mathfrak on input line 119.
))
(/usr/local/texlive/2014/texmf-dist/tex/latex/psnfss/palatino.sty
Package: palatino 2005/04/12 PSNFSS-v9.2a (SPQR) 
)
(/usr/local/texlive/2014/texmf-dist/tex/latex/amsmath/amsmath.sty
Package: amsmath 2013/01/14 v2.14 AMS math features
\@mathmargin=\skip46

For additional information on amsmath, use the `?' option.
(/usr/local/texlive/2014/texmf-dist/tex/latex/amsmath/amstext.sty
Package: amstext 2000/06/29 v2.01

(/usr/local/texlive/2014/texmf-dist/tex/latex/amsmath/amsgen.sty
File: amsgen.sty 1999/11/30 v2.0
\@emptytoks=\toks16
\ex@=\dimen102
)
LaTeX Info: Redefining \text on input line 39.
)
(/usr/local/texlive/2014/texmf-dist/tex/latex/amsmath/amsbsy.sty
Package: amsbsy 1999/11/29 v1.2d
\pmbraise@=\dimen103
)
(/usr/local/texlive/2014/texmf-dist/tex/latex/amsmath/amsopn.sty
Package: amsopn 1999/12/14 v2.01 operator names
)
\inf@bad=\count95
LaTeX Info: Redefining \frac on input line 210.
\uproot@=\count96
\leftroot@=\count97
LaTeX Info: Redefining \overline on input line 306.
\classnum@=\count98
\DOTSCASE@=\count99
LaTeX Info: Redefining \ldots on input line 378.
LaTeX Info: Redefining \dots on input line 381.
LaTeX Info: Redefining \cdots on input line 466.
\Mathstrutbox@=\box41
\strutbox@=\box42
\big@size=\dimen104
LaTeX Font Info:    Redeclaring font encoding OML on input line 566.
LaTeX Font Info:    Redeclaring font encoding OMS on input line 567.
\macc@depth=\count100
\c@MaxMatrixCols=\count101
\dotsspace@=\muskip11
\c@parentequation=\count102
\dspbrk@lvl=\count103
\tag@help=\toks17
\row@=\count104
\column@=\count105
\maxfields@=\count106
\andhelp@=\toks18
\eqnshift@=\dimen105
\alignsep@=\dimen106
\tagshift@=\dimen107
\tagwidth@=\dimen108
\totwidth@=\dimen109
\lineht@=\dimen110
\@envbody=\toks19
\multlinegap=\skip47
\multlinetaggap=\skip48
\mathdisplay@stack=\toks20
LaTeX Info: Redefining \[ on input line 2665.
LaTeX Info: Redefining \] on input line 2666.
)
(/usr/local/texlive/2014/texmf-dist/tex/latex/amsfonts/amssymb.sty
Package: amssymb 2013/01/14 v3.01 AMS font symbols

(/usr/local/texlive/2014/texmf-dist/tex/latex/amsfonts/amsfonts.sty
Package: amsfonts 2013/01/14 v3.01 Basic AMSFonts support
\symAMSa=\mathgroup4
\symAMSb=\mathgroup5
LaTeX Font Info:    Overwriting math alphabet `\mathfrak' in version `bold'
(Font)                  U/euf/m/n --> U/euf/b/n on input line 106.
LaTeX Info: Redefining \frak on input line 111.
LaTeX Info: Redefining \Bbb on input line 113.
))
(/usr/local/texlive/2014/texmf-dist/tex/latex/graphics/graphicx.sty
Package: graphicx 2014/04/25 v1.0g Enhanced LaTeX Graphics (DPC,SPQR)

(/usr/local/texlive/2014/texmf-dist/tex/latex/graphics/keyval.sty
Package: keyval 2014/05/08 v1.15 key=value parser (DPC)
\KV@toks@=\toks21
)
(/usr/local/texlive/2014/texmf-dist/tex/latex/graphics/graphics.sty
Package: graphics 2009/02/05 v1.0o Standard LaTeX Graphics (DPC,SPQR)

(/usr/local/texlive/2014/texmf-dist/tex/latex/graphics/trig.sty
Package: trig 1999/03/16 v1.09 sin cos tan (DPC)
)
(/usr/local/texlive/2014/texmf-dist/tex/latex/latexconfig/graphics.cfg
File: graphics.cfg 2010/04/23 v1.9 graphics configuration of TeX Live
)
Package graphics Info: Driver file: pdftex.def on input line 91.

(/usr/local/texlive/2014/texmf-dist/tex/latex/pdftex-def/pdftex.def
File: pdftex.def 2011/05/27 v0.06d Graphics/color for pdfTeX

(/usr/local/texlive/2014/texmf-dist/tex/generic/oberdiek/infwarerr.sty
Package: infwarerr 2010/04/08 v1.3 Providing info/warning/error messages (HO)
)
(/usr/local/texlive/2014/texmf-dist/tex/generic/oberdiek/ltxcmds.sty
Package: ltxcmds 2011/11/09 v1.22 LaTeX kernel commands for general use (HO)
)
\Gread@gobject=\count107
))
\Gin@req@height=\dimen111
\Gin@req@width=\dimen112
)
(/usr/local/texlive/2014/texmf-dist/tex/latex/tools/dcolumn.sty
Package: dcolumn 2001/05/28 v1.06 decimal alignment package (DPC)

(/usr/local/texlive/2014/texmf-dist/tex/latex/tools/array.sty
Package: array 2008/09/09 v2.4c Tabular extension package (FMi)
\col@sep=\dimen113
\extrarowheight=\dimen114
\NC@list=\toks22
\extratabsurround=\skip49
\backup@length=\skip50
))
(/usr/local/texlive/2014/texmf-dist/tex/latex/boxedminipage/boxedminipage.sty)
(/usr/local/texlive/2014/texmf-dist/tex/latex/tools/verbatim.sty
Package: verbatim 2003/08/22 v1.5q LaTeX2e package for verbatim enhancements
\every@verbatim=\toks23
\verbatim@line=\toks24
\verbatim@in@stream=\read1
)
(/usr/local/texlive/2014/texmf-dist/tex/latex/hyperref/hyperref.sty
Package: hyperref 2012/11/06 v6.83m Hypertext links for LaTeX

(/usr/local/texlive/2014/texmf-dist/tex/generic/oberdiek/hobsub-hyperref.sty
Package: hobsub-hyperref 2012/05/28 v1.13 Bundle oberdiek, subset hyperref (HO)


(/usr/local/texlive/2014/texmf-dist/tex/generic/oberdiek/hobsub-generic.sty
Package: hobsub-generic 2012/05/28 v1.13 Bundle oberdiek, subset generic (HO)
Package: hobsub 2012/05/28 v1.13 Construct package bundles (HO)
Package hobsub Info: Skipping package `infwarerr' (already loaded).
Package hobsub Info: Skipping package `ltxcmds' (already loaded).
Package: ifluatex 2010/03/01 v1.3 Provides the ifluatex switch (HO)
Package ifluatex Info: LuaTeX not detected.
Package: ifvtex 2010/03/01 v1.5 Detect VTeX and its facilities (HO)
Package ifvtex Info: VTeX not detected.
Package: intcalc 2007/09/27 v1.1 Expandable calculations with integers (HO)
Package: ifpdf 2011/01/30 v2.3 Provides the ifpdf switch (HO)
Package ifpdf Info: pdfTeX in PDF mode is detected.
Package: etexcmds 2011/02/16 v1.5 Avoid name clashes with e-TeX commands (HO)
Package etexcmds Info: Could not find \expanded.
(etexcmds)             That can mean that you are not using pdfTeX 1.50 or
(etexcmds)             that some package has redefined \expanded.
(etexcmds)             In the latter case, load this package earlier.
Package: kvsetkeys 2012/04/25 v1.16 Key value parser (HO)
Package: kvdefinekeys 2011/04/07 v1.3 Define keys (HO)
Package: pdftexcmds 2011/11/29 v0.20 Utility functions of pdfTeX for LuaTeX (HO
)
Package pdftexcmds Info: LuaTeX not detected.
Package pdftexcmds Info: \pdf@primitive is available.
Package pdftexcmds Info: \pdf@ifprimitive is available.
Package pdftexcmds Info: \pdfdraftmode found.
Package: pdfescape 2011/11/25 v1.13 Implements pdfTeX's escape features (HO)
Package: bigintcalc 2012/04/08 v1.3 Expandable calculations on big integers (HO
)
Package: bitset 2011/01/30 v1.1 Handle bit-vector datatype (HO)
Package: uniquecounter 2011/01/30 v1.2 Provide unlimited unique counter (HO)
)
Package hobsub Info: Skipping package `hobsub' (already loaded).
Package: letltxmacro 2010/09/02 v1.4 Let assignment for LaTeX macros (HO)
Package: hopatch 2012/05/28 v1.2 Wrapper for package hooks (HO)
Package: xcolor-patch 2011/01/30 xcolor patch
Package: atveryend 2011/06/30 v1.8 Hooks at the very end of document (HO)
Package: atbegshi 2011/10/05 v1.16 At begin shipout hook (HO)
Package: refcount 2011/10/16 v3.4 Data extraction from label references (HO)
Package: hycolor 2011/01/30 v1.7 Color options for hyperref/bookmark (HO)
)
(/usr/local/texlive/2014/texmf-dist/tex/generic/ifxetex/ifxetex.sty
Package: ifxetex 2010/09/12 v0.6 Provides ifxetex conditional
)
(/usr/local/texlive/2014/texmf-dist/tex/latex/oberdiek/auxhook.sty
Package: auxhook 2011/03/04 v1.3 Hooks for auxiliary files (HO)
)
(/usr/local/texlive/2014/texmf-dist/tex/latex/oberdiek/kvoptions.sty
Package: kvoptions 2011/06/30 v3.11 Key value format for package options (HO)
)
\@linkdim=\dimen115
\Hy@linkcounter=\count108
\Hy@pagecounter=\count109

(/usr/local/texlive/2014/texmf-dist/tex/latex/hyperref/pd1enc.def
File: pd1enc.def 2012/11/06 v6.83m Hyperref: PDFDocEncoding definition (HO)
)
\Hy@SavedSpaceFactor=\count110

(/usr/local/texlive/2014/texmf-dist/tex/latex/latexconfig/hyperref.cfg
File: hyperref.cfg 2002/06/06 v1.2 hyperref configuration of TeXLive
)
Package hyperref Info: Option `colorlinks' set `true' on input line 4319.
Package hyperref Info: Hyper figures OFF on input line 4443.
Package hyperref Info: Link nesting OFF on input line 4448.
Package hyperref Info: Hyper index ON on input line 4451.
Package hyperref Info: Plain pages OFF on input line 4458.
Package hyperref Info: Backreferencing OFF on input line 4463.
Package hyperref Info: Implicit mode ON; LaTeX internals redefined.
Package hyperref Info: Bookmarks ON on input line 4688.
LaTeX Info: Redefining \href on input line 4952.
\c@Hy@tempcnt=\count111
LaTeX Info: Redefining \url on input line 5041.
\XeTeXLinkMargin=\dimen116
\Fld@menulength=\count112
\Field@Width=\dimen117
\Fld@charsize=\dimen118
Package hyperref Info: Hyper figures OFF on input line 6295.
Package hyperref Info: Link nesting OFF on input line 6300.
Package hyperref Info: Hyper index ON on input line 6303.
Package hyperref Info: backreferencing OFF on input line 6310.
Package hyperref Info: Link coloring ON on input line 6313.
Package hyperref Info: Link coloring with OCG OFF on input line 6320.
Package hyperref Info: PDF/A mode OFF on input line 6325.
LaTeX Info: Redefining \ref on input line 6365.
LaTeX Info: Redefining \pageref on input line 6369.
\Hy@abspage=\count113
\c@Item=\count114
\c@Hfootnote=\count115
)

Package hyperref Message: Driver (autodetected): hpdftex.

(/usr/local/texlive/2014/texmf-dist/tex/latex/hyperref/hpdftex.def
File: hpdftex.def 2012/11/06 v6.83m Hyperref driver for pdfTeX
\Fld@listcount=\count116
\c@bookmark@seq@number=\count117

(/usr/local/texlive/2014/texmf-dist/tex/latex/oberdiek/rerunfilecheck.sty
Package: rerunfilecheck 2011/04/15 v1.7 Rerun checks for auxiliary files (HO)
Package uniquecounter Info: New unique counter `rerunfilecheck' on input line 2
82.
)
\Hy@SectionHShift=\skip51
)
Class revtex4-1 Info: Patching array package. on input line 51.
Class revtex4-1 Info: Robustifying \LaTeX's \boldmath command on input line 51.

Class revtex4-1 Info: cite was not loaded (OK!) on input line 51.
Class revtex4-1 Info: mcite was not loaded (OK!) on input line 51.
Class revtex4-1 Info: multicol was not loaded (OK!) on input line 51.

No file bayesian-itc.aux.
\openout1 = `bayesian-itc.aux'.

LaTeX Font Info:    Checking defaults for OML/cmm/m/it on input line 51.
LaTeX Font Info:    ... okay on input line 51.
LaTeX Font Info:    Checking defaults for T1/cmr/m/n on input line 51.
LaTeX Font Info:    ... okay on input line 51.
LaTeX Font Info:    Checking defaults for OT1/cmr/m/n on input line 51.
LaTeX Font Info:    ... okay on input line 51.
LaTeX Font Info:    Checking defaults for OMS/cmsy/m/n on input line 51.
LaTeX Font Info:    ... okay on input line 51.
LaTeX Font Info:    Checking defaults for OMX/cmex/m/n on input line 51.
LaTeX Font Info:    ... okay on input line 51.
LaTeX Font Info:    Checking defaults for U/cmr/m/n on input line 51.
LaTeX Font Info:    ... okay on input line 51.
LaTeX Font Info:    Checking defaults for PD1/pdf/m/n on input line 51.
LaTeX Font Info:    ... okay on input line 51.
LaTeX Font Info:    Try loading font information for OT1+ppl on input line 51.
(/usr/local/texlive/2014/texmf-dist/tex/latex/psnfss/ot1ppl.fd
File: ot1ppl.fd 2001/06/04 font definitions for OT1/ppl.
)
(/usr/local/texlive/2014/texmf-dist/tex/context/base/supp-pdf.mkii
[Loading MPS to PDF converter (version 2006.09.02).]
\scratchcounter=\count118
\scratchdimen=\dimen119
\scratchbox=\box43
\nofMPsegments=\count119
\nofMParguments=\count120
\everyMPshowfont=\toks25
\MPscratchCnt=\count121
\MPscratchDim=\dimen120
\MPnumerator=\count122
\makeMPintoPDFobject=\count123
\everyMPtoPDFconversion=\toks26
) (/usr/local/texlive/2014/texmf-dist/tex/latex/oberdiek/epstopdf-base.sty
Package: epstopdf-base 2010/02/09 v2.5 Base part for package epstopdf

(/usr/local/texlive/2014/texmf-dist/tex/latex/oberdiek/grfext.sty
Package: grfext 2010/08/19 v1.1 Manage graphics extensions (HO)
)
Package grfext Info: Graphics extension search list:
(grfext)             [.png,.pdf,.jpg,.mps,.jpeg,.jbig2,.jb2,.PNG,.PDF,.JPG,.JPE
G,.JBIG2,.JB2,.eps]
(grfext)             \AppendGraphicsExtensions on input line 452.

(/usr/local/texlive/2014/texmf-dist/tex/latex/latexconfig/epstopdf-sys.cfg
File: epstopdf-sys.cfg 2010/07/13 v1.3 Configuration of (r)epstopdf for TeX Liv
e
))
\AtBeginShipoutBox=\box44

(/usr/local/texlive/2014/texmf-dist/tex/latex/graphics/color.sty
Package: color 2014/04/23 v1.1a Standard LaTeX Color (DPC)

(/usr/local/texlive/2014/texmf-dist/tex/latex/latexconfig/color.cfg
File: color.cfg 2007/01/18 v1.5 color configuration of teTeX/TeXLive
)
Package color Info: Driver file: pdftex.def on input line 137.
)
Package hyperref Info: Link coloring ON on input line 51.

(/usr/local/texlive/2014/texmf-dist/tex/latex/hyperref/nameref.sty
Package: nameref 2012/10/27 v2.43 Cross-referencing by name of section

(/usr/local/texlive/2014/texmf-dist/tex/generic/oberdiek/gettitlestring.sty
Package: gettitlestring 2010/12/03 v1.4 Cleanup title references (HO)
)
\c@section@level=\count124
)
LaTeX Info: Redefining \ref on input line 51.
LaTeX Info: Redefining \pageref on input line 51.
LaTeX Info: Redefining \nameref on input line 51.
\@outlinefile=\write4
\openout4 = `bayesian-itc.out'.

Class revtex4-1 Info: Taking \maketitle back from hyperref on input line 51.
\openout3 = `bayesian-itcNotes.bib'.


(/usr/local/texlive/2014/texmf-dist/tex/latex/lineno/lineno.sty
Package: lineno 2005/11/02 line numbers on paragraphs v4.41
\linenopenalty=\count125
\output=\toks27
\linenoprevgraf=\count126
\linenumbersep=\dimen121
\linenumberwidth=\dimen122
\c@linenumber=\count127
\c@pagewiselinenumber=\count128
\c@LN@truepage=\count129
\c@internallinenumber=\count130
\c@internallinenumbers=\count131
\quotelinenumbersep=\dimen123
\bframerule=\dimen124
\bframesep=\dimen125
\bframebox=\box45
LaTeX Info: Redefining \\ on input line 3056.
)

Class revtex4-1 Warning: Ancillary information for California Institute of Quan
titative Biosciences (QB3),\penalty -300\relax  University of California,\penal
ty -300\relax  Berkeley,\penalty -300\relax  CA 94720 must not be different! Pl
ease put all of it on the first instance.

LaTeX Font Info:    Try loading font information for OT1+pcr on input line 95.
(/usr/local/texlive/2014/texmf-dist/tex/latex/psnfss/ot1pcr.fd
File: ot1pcr.fd 2001/06/04 font definitions for OT1/pcr.
)
LaTeX Font Info:    Try loading font information for U+msa on input line 95.

(/usr/local/texlive/2014/texmf-dist/tex/latex/amsfonts/umsa.fd
File: umsa.fd 2013/01/14 v3.01 AMS symbols A
)
LaTeX Font Info:    Try loading font information for U+msb on input line 95.

(/usr/local/texlive/2014/texmf-dist/tex/latex/amsfonts/umsb.fd
File: umsb.fd 2013/01/14 v3.01 AMS symbols B
)
LaTeX Font Info:    Font shape `OT1/ppl/bx/n' in size <12> not available
(Font)              Font shape `OT1/ppl/b/n' tried instead on input line 98.
LaTeX Font Info:    Try loading font information for OT1+phv on input line 98.

(/usr/local/texlive/2014/texmf-dist/tex/latex/psnfss/ot1phv.fd
File: ot1phv.fd 2001/06/04 scalable font definitions for OT1/phv.
)
LaTeX Font Info:    Font shape `OT1/ppl/bx/n' in size <9> not available
(Font)              Font shape `OT1/ppl/b/n' tried instead on input line 103.
LaTeX Font Info:    Font shape `OT1/ppl/bx/n' in size <10> not available
(Font)              Font shape `OT1/ppl/b/n' tried instead on input line 106.


Package natbib Warning: Citation `wiseman:anal-biochem:1989:itc' on page 1 unde
fined on input line 106.


Package natbib Warning: Citation `freire:curr-opin-struct-biol:2001:itc' on pag
e 1 undefined on input line 106.


Package natbib Warning: Citation `salim-feig:methods:2009:itc-rna' on page 1 un
defined on input line 106.


Package natbib Warning: Citation `freire:arch-biochem-biophys:2001' on page 1 u
ndefined on input line 109.


Package natbib Warning: Citation `freire:curr-opin-struct-biol:2001:itc' on pag
e 1 undefined on input line 109.


Package natbib Warning: Citation `klebe:2007:jmb:protonation-state-trypsin' on 
page 1 undefined on input line 109.


Package natbib Warning: Citation `klebe:2007:jmb:protonation-state' on page 1 u
ndefined on input line 109.


Package natbib Warning: Citation `han:2007:biophys-chem:itc-tautomers' on page 
1 undefined on input line 109.


Package natbib Warning: Citation `bonini:jpcb:2008:kinetics-from-itc' on page 1
 undefined on input line 109.


Package natbib Warning: Citation `freire:drug-discovery-today:2008:entropy-enth
alpy' on page 1 undefined on input line 110.


Package natbib Warning: Citation `freire:nat-rev-drug-discovery:2010:itc-lead-o
ptimization' on page 1 undefined on input line 110.


Package natbib Warning: Citation `wiseman:anal-biochem:1989:itc' on page 1 unde
fined on input line 113.


Package natbib Warning: Citation `tellinghuisen:anal-biochem:2003:statistical-e
rrors-in-itc' on page 1 undefined on input line 118.


Package natbib Warning: Citation `tellinghuisen:anal-biochem:2004:first-injecti
on-anomaly' on page 1 undefined on input line 118.


Package natbib Warning: Citation `tellinghuisen:anal-biochem:2004:volume-errors
-in-itc' on page 1 undefined on input line 119.


Package natbib Warning: Citation `tellinghuisen:anal-biochem:2004:first-injecti
on-anomaly' on page 1 undefined on input line 119.


Package natbib Warning: Citation `tellinghuisen:jpcb:2005:optimizing-experiment
al-parameters-itc' on page 1 undefined on input line 119.


Package natbib Warning: Citation `tellinghuisen:jpcb:2007:variable-volume-proce
dures' on page 1 undefined on input line 119.


Underfull \hbox (badness 1325) in paragraph at lines 116--121
\OT1/ppl/m/n/10 ther-mo-dy-namic quan-ti-ties of in-ter-est will be de-ter-
 []

[1{/usr/local/texlive/2014/texmf-var/fonts/map/pdftex/updmap/pdftex.map}]

Package natbib Warning: Citation `wiseman:anal-biochem:1989:itc' on page 2 unde
fined on input line 130.


Package natbib Warning: Citation `parody-morreale:meas-sci-technol:1994:itc-ass
embly-and-response' on page 2 undefined on input line 130.


Package natbib Warning: Citation `parody-morreale:meas-sci-technol:1994:itc-ope
rational-characterization' on page 2 undefined on input line 130.


LaTeX Warning: Reference `section:isothermal-titration-calorimetry' on page 2 u
ndefined on input line 139.


LaTeX Warning: Reference `section:bayesian-formulation' on page 2 undefined on 
input line 140.


LaTeX Warning: Reference `section:sampling-from-posterior' on page 2 undefined 
on input line 141.


LaTeX Warning: Reference `section:applications' on page 2 undefined on input li
ne 142.


LaTeX Warning: Reference `section:experimental-design' on page 2 undefined on i
nput line 143.


LaTeX Warning: Reference `section:binding-models' on page 2 undefined on input 
line 143.


LaTeX Warning: Reference `section:application-to-trypsin' on page 2 undefined o
n input line 144.


LaTeX Warning: Reference `figure:itc-diagram' on page 2 undefined on input line
 154.


Package natbib Warning: Citation `freire:nature-protocols:2006:itc-competitive'
 on page 2 undefined on input line 157.


Package natbib Warning: Citation `dialysis-against-common-buffer' on page 2 und
efined on input line 161.


Package natbib Warning: Citation `vp-itc-manual' on page 2 undefined on input l
ine 165.


Package natbib Warning: Citation `tellinghuisen:anal-biochem:2004:first-injecti
on-anomaly' on page 2 undefined on input line 170.


Package natbib Warning: Citation `vp-itc-manual' on page 2 undefined on input l
ine 170.


Package natbib Warning: Citation `vp-itc-manual' on page 2 undefined on input l
ine 171.


Package natbib Warning: Citation `tellinghuisen:anal-biochem:2004:volume-errors
-in-itc' on page 2 undefined on input line 171.

[2] <figures/itc-diagram.pdf, id=51, 287.0725pt x 554.07pt>
File: figures/itc-diagram.pdf Graphic file (type pdf)

<use figures/itc-diagram.pdf>
Package pdftex.def Info: figures/itc-diagram.pdf used on input line 186.
(pdftex.def)             Requested size: 287.0718pt x 554.06865pt.
 [3pdfTeX warning (ext4): destination with the same identifier (name{equation.2
.1}) has been already used, duplicate ignored

\AtBegShi@Output ...ipout \box \AtBeginShipoutBox 
                                                  \fi \fi 
l.216 \end{eqnarray}
                     <./figures/itc-diagram.pdf>]

LaTeX Warning: Reference `appendix:concentration-of-bound-ligand' on page 4 und
efined on input line 236.


LaTeX Warning: Reference `equation:heat-model' on page 4 undefined on input lin
e 263.

[4] [5]

Package natbib Warning: Citation `jeffreys:1946a' on page 6 undefined on input 
line 364.


Package natbib Warning: Citation `tellinghuisen:anal-biochem:2005:itc-generaliz
ed-least-squares' on page 6 undefined on input line 374.


Package natbib Warning: Citation `tellinghuisen:anal-biochem:2004:volume-errors
-in-itc' on page 6 undefined on input line 397.

LaTeX Font Info:    Font shape `OT1/ppl/bx/n' in size <8> not available
(Font)              Font shape `OT1/ppl/b/n' tried instead on input line 398.

Package natbib Warning: Citation `tellinghuisen:anal-biochem:2004:volume-errors
-in-itc' on page 6 undefined on input line 398.


Package natbib Warning: Citation `tellinghuisen:anal-biochem:2004:volume-errors
-in-itc' on page 6 undefined on input line 398.


Package natbib Warning: Citation `tellinghuisen:anal-biochem:2004:volume-errors
-in-itc' on page 6 undefined on input line 412.


Package natbib Warning: Citation `vp-itc-manual' on page 6 undefined on input l
ine 420.


Package natbib Warning: Citation `tellinghuisen:anal-biochem:2004:first-injecti
on-anomaly' on page 6 undefined on input line 420.


Underfull \hbox (badness 5847) in paragraph at lines 420--422
[]\OT1/ppl/m/n/10 A com-monly en-coun-tered prob-lem in ITC ex-
 []


Underfull \hbox (badness 10000) in paragraph at lines 420--422
\OT1/ppl/m/n/10 per-i-ments per-formed ac-cord-ing to manufacturer-
 []


Underfull \hbox (badness 2229) in paragraph at lines 420--422
\OT1/ppl/m/n/10 recommended pro-to-cols (such as the VP-ITC User
 []


Package natbib Warning: Citation `tellinghuisen:anal-biochem:2004:first-injecti
on-anomaly' on page 6 undefined on input line 423.


Package natbib Warning: Citation `tellinghuisen:anal-biochem:2004:first-injecti
on-anomaly' on page 6 undefined on input line 425.

[6]
LaTeX Font Info:    Try loading font information for OMS+ppl on input line 452.

 (/usr/local/texlive/2014/texmf-dist/tex/latex/psnfss/omsppl.fd
File: omsppl.fd 
)
LaTeX Font Info:    Font shape `OMS/ppl/m/n' in size <10> not available
(Font)              Font shape `OMS/cmsy/m/n' tried instead on input line 452.

Underfull \hbox (badness 3000) in paragraph at lines 455--456
 []\OT1/ppl/m/n/10 Multiple ex-per-i-ments and in-clud-ing titra-tions
 []


LaTeX Warning: Reference `equation:posterior' on page 7 undefined on input line
 465.


Package natbib Warning: Citation `jun-s-liu:mcmc' on page 7 undefined on input 
line 465.


Underfull \hbox (badness 1406) in paragraph at lines 465--471
[]\OT1/ppl/m/n/10 Because the pos-te-rior dis-tri-bu-tion (Eq. []) is not
 []

[7pdfTeX warning (ext4): destination with the same identifier (name{equation.5.
24}) has been already used, duplicate ignored

\AtBegShi@Output ...ipout \box \AtBeginShipoutBox 
                                                  \fi \fi 
l.524 
      ]

Package hyperref Warning: Token not allowed in a PDF string (PDFDocEncoding):
(hyperref)                removing `math shift' on input line 578.


Package hyperref Warning: Token not allowed in a PDF string (PDFDocEncoding):
(hyperref)                removing `superscript' on input line 578.


Package hyperref Warning: Token not allowed in a PDF string (PDFDocEncoding):
(hyperref)                removing `math shift' on input line 578.

[8]
Underfull \hbox (badness 1117) in paragraph at lines 613--616
\OT1/ppl/m/n/10 quan-ti-ties of ITC data that are be-com-ing avail-able.
 []


Package natbib Warning: Citation `reference' on page 9 undefined on input line 
647.

[9]

LaTeX Warning: Reference `equation:solution-of-two-component-binding' on page 1
0 undefined on input line 695.


Package natbib Warning: Citation `iseman:anal-biochem:1989:itc' on page 10 unde
fined on input line 701.


Package natbib Warning: Citation `tellinghuisen:anal-biochem:2004:volume-errors
-in-itc' on page 10 undefined on input line 709.


Package hyperref Warning: Token not allowed in a PDF string (PDFDocEncoding):
(hyperref)                removing `math shift' on input line 734.


Package hyperref Warning: Token not allowed in a PDF string (PDFDocEncoding):
(hyperref)                removing `math shift' on input line 734.

[10]
No file bayesian-itc.bbl.

Package natbib Warning: There were undefined citations.

[11]
Package atveryend Info: Empty hook `AfterLastShipout' on input line 803.
 (./bayesian-itc.aux)
Package atveryend Info: Executing hook `AtVeryEndDocument' on input line 803.
Package atveryend Info: Executing hook `AtEndAfterFileList' on input line 803.


Package rerunfilecheck Warning: File `bayesian-itc.out' has changed.
(rerunfilecheck)                Rerun to get outlines right
(rerunfilecheck)                or use package `bookmark'.

Package rerunfilecheck Info: Checksums for `bayesian-itc.out':
(rerunfilecheck)             Before: <no file>
(rerunfilecheck)             After:  AF1B40B7E8E432DF8002194804B58DAC;1997.

LaTeX Warning: There were undefined references.


LaTeX Warning: Label(s) may have changed. Rerun to get cross-references right .


 ) 
Here is how much of TeX's memory you used:
 8464 strings out of 493117
 120774 string characters out of 6135433
 232184 words of memory out of 5000000
 11696 multiletter control sequences out of 15000+600000
 28910 words of font info for 82 fonts, out of 8000000 for 9000
 1141 hyphenation exceptions out of 8191
 29i,12n,31p,668b,434s stack positions out of 5000i,500n,10000p,200000b,80000s
{/usr/local/texlive/2014/texmf-dist/fonts/enc/dvips/base/8r.enc}</usr/local/t
exlive/2014/texmf-dist/fonts/type1/public/amsfonts/cm/cmbx10.pfb></usr/local/te
xlive/2014/texmf-dist/fonts/type1/public/amsfonts/cm/cmex10.pfb></usr/local/tex
live/2014/texmf-dist/fonts/type1/public/amsfonts/cm/cmmi10.pfb></usr/local/texl
ive/2014/texmf-dist/fonts/type1/public/amsfonts/cm/cmmi5.pfb></usr/local/texliv
e/2014/texmf-dist/fonts/type1/public/amsfonts/cm/cmmi7.pfb></usr/local/texlive/
2014/texmf-dist/fonts/type1/public/amsfonts/cm/cmmi8.pfb></usr/local/texlive/20
14/texmf-dist/fonts/type1/public/amsfonts/cm/cmmi9.pfb></usr/local/texlive/2014
/texmf-dist/fonts/type1/public/amsfonts/cm/cmmib10.pfb></usr/local/texlive/2014
/texmf-dist/fonts/type1/public/amsfonts/cm/cmr10.pfb></usr/local/texlive/2014/t
exmf-dist/fonts/type1/public/amsfonts/cm/cmr5.pfb></usr/local/texlive/2014/texm
f-dist/fonts/type1/public/amsfonts/cm/cmr6.pfb></usr/local/texlive/2014/texmf-d
ist/fonts/type1/public/amsfonts/cm/cmr7.pfb></usr/local/texlive/2014/texmf-dist
/fonts/type1/public/amsfonts/cm/cmr8.pfb></usr/local/texlive/2014/texmf-dist/fo
nts/type1/public/amsfonts/cm/cmsy10.pfb></usr/local/texlive/2014/texmf-dist/fon
ts/type1/public/amsfonts/cm/cmsy6.pfb></usr/local/texlive/2014/texmf-dist/fonts
/type1/public/amsfonts/cm/cmsy7.pfb></usr/local/texlive/2014/texmf-dist/fonts/t
ype1/public/amsfonts/cm/cmsy8.pfb></usr/local/texlive/2014/texmf-dist/fonts/typ
e1/public/amsfonts/symbols/msam10.pfb></usr/local/texlive/2014/texmf-dist/fonts
/type1/urw/courier/ucrr8a.pfb></usr/local/texlive/2014/texmf-dist/fonts/type1/u
rw/helvetic/uhvr8a.pfb></usr/local/texlive/2014/texmf-dist/fonts/type1/urw/pala
tino/uplb8a.pfb></usr/local/texlive/2014/texmf-dist/fonts/type1/urw/palatino/up
lr8a.pfb></usr/local/texlive/2014/texmf-dist/fonts/type1/urw/palatino/uplri8a.p
fb>
Output written on bayesian-itc.pdf (11 pages, 309735 bytes).
PDF statistics:
 295 PDF objects out of 1000 (max. 8388607)
 251 compressed objects within 3 object streams
 99 named destinations out of 1000 (max. 500000)
 6 words of extra memory for PDF output out of 10000 (max. 10000000)

